[debug] [2018-10-30T15:34:10.934Z] ----------------------------------------------------------------------
[debug] [2018-10-30T15:34:10.936Z] Command:       C:\Program Files\nodejs\node.exe C:\Users\GabrielBiazottoBiazo\AppData\Roaming\npm\node_modules\firebase-tools\bin\firebase deploy
[debug] [2018-10-30T15:34:10.936Z] CLI Version:   4.2.0
[debug] [2018-10-30T15:34:10.936Z] Platform:      win32
[debug] [2018-10-30T15:34:10.936Z] Node Version:  v10.11.0
[debug] [2018-10-30T15:34:10.937Z] Time:          Tue Oct 30 2018 12:34:10 GMT-0300 (GMT-03:00)
[debug] [2018-10-30T15:34:10.937Z] ----------------------------------------------------------------------
[debug] 
[debug] [2018-10-30T15:34:10.950Z] > command requires scopes: ["email","openid","https://www.googleapis.com/auth/cloudplatformprojects.readonly","https://www.googleapis.com/auth/firebase","https://www.googleapis.com/auth/cloud-platform"]
[debug] [2018-10-30T15:34:10.951Z] > authorizing via signed-in user
[debug] [2018-10-30T15:34:10.953Z] >>> HTTP REQUEST GET https://admin.firebase.com/v1/projects/prj-natalia1  
 
[debug] [2018-10-30T15:34:11.734Z] <<< HTTP RESPONSE 200
[info] 
[info] === Deploying to 'prj-natalia1'...
[info] 
[info] i  deploying database, storage, functions, hosting
[debug] [2018-10-30T15:34:11.945Z] TypeError [ERR_INVALID_ARG_TYPE]: The "path" argument must be of type string. Received type undefined
    at assertPath (path.js:39:11)
    at Object.join (path.js:432:7)
    at Config.path (C:\Users\GabrielBiazottoBiazo\AppData\Roaming\npm\node_modules\firebase-tools\lib\config.js:166:37)
    at C:\Users\GabrielBiazottoBiazo\AppData\Roaming\npm\node_modules\firebase-tools\lib\deploy\lifecycleHooks.js:68:38
    at _chain (C:\Users\GabrielBiazottoBiazo\AppData\Roaming\npm\node_modules\firebase-tools\lib\deploy\index.js:26:38)
    at C:\Users\GabrielBiazottoBiazo\AppData\Roaming\npm\node_modules\firebase-tools\lib\deploy\index.js:29:14
    at process._tickCallback (internal/process/next_tick.js:68:7)
[error] 
[error] Error: An unexpected error has occurred.
